[debug] [2023-04-22T11:06:03.596Z] ----------------------------------------------------------------------
[debug] [2023-04-22T11:06:03.598Z] Command:       C:\Program Files\nodejs\node.exe C:\Users\Spenz\AppData\Roaming\npm\node_modules\firebase-tools\lib\bin\firebase.js init
[debug] [2023-04-22T11:06:03.598Z] CLI Version:   11.28.0
[debug] [2023-04-22T11:06:03.598Z] Platform:      win32
[debug] [2023-04-22T11:06:03.598Z] Node Version:  v18.16.0
[debug] [2023-04-22T11:06:03.599Z] Time:          Sat Apr 22 2023 12:06:03 GMT+0100 (Central European Standard Time)
[debug] [2023-04-22T11:06:03.600Z] ----------------------------------------------------------------------
[debug] 
[debug] [2023-04-22T11:06:03.602Z] >>> [apiv2][query] GET https://firebase-public.firebaseio.com/cli.json [none]
[debug] [2023-04-22T11:06:03.655Z] > command requires scopes: ["email","openid","https://www.googleapis.com/auth/cloudplatformprojects.readonly","https://www.googleapis.com/auth/firebase","https://www.googleapis.com/auth/cloud-platform"]
[debug] [2023-04-22T11:06:03.656Z] > authorizing via signed-in user (dridi.zied@esprit.tn)
[info] 
     ######## #### ########  ######## ########     ###     ######  ########
     ##        ##  ##     ## ##       ##     ##  ##   ##  ##       ##
     ######    ##  ########  ######   ########  #########  ######  ######
     ##        ##  ##    ##  ##       ##     ## ##     ##       ## ##
     ##       #### ##     ## ######## ########  ##     ##  ######  ########

You're about to initialize a Firebase project in this directory:

  C:\Users\Spenz\OneDrive\Desktop\Stuff\4BI\Projet BI\Web\Source Code\LogInsight-ALM

[debug] [2023-04-22T11:06:04.133Z] <<< [apiv2][status] GET https://firebase-public.firebaseio.com/cli.json 200
[debug] [2023-04-22T11:06:04.134Z] <<< [apiv2][body] GET https://firebase-public.firebaseio.com/cli.json {"cloudBuildErrorAfter":1594252800000,"cloudBuildWarnAfter":1590019200000,"defaultNode10After":1594252800000,"minVersion":"3.0.5","node8DeploysDisabledAfter":1613390400000,"node8RuntimeDisabledAfter":1615809600000,"node8WarnAfter":1600128000000}
